{"uuid":"a827e6bd-866f-4bf7-91ef-d92d0c39ff21","historyId":"d04c1ace88538da066cbf0c34850360c","fullName":"tests.E2E_SmokeTest.e2e_checkout_and_logout","labels":[{"name":"package","value":"tests.E2E_SmokeTest"},{"name":"testClass","value":"tests.E2E_SmokeTest"},{"name":"testMethod","value":"e2e_checkout_and_logout"},{"name":"parentSuite","value":"SauceDemo Suite"},{"name":"suite","value":"Smoke-Chrome"},{"name":"subSuite","value":"tests.E2E_SmokeTest"},{"name":"host","value":"Kundans-MacBook-Air.local"},{"name":"thread","value":"1789@Kundans-MacBook-Air.local.TestNG-tests-1(28)"},{"name":"framework","value":"testng"},{"name":"language","value":"java"},{"name":"story","value":"Login > Add to cart > Checkout > Logout"},{"name":"feature","value":"Checkout"},{"name":"epic","value":"SauceDemo"},{"name":"severity","value":"critical"}],"links":[],"name":"Happy path checkout","status":"skipped","statusDetails":{"known":false,"muted":false,"flaky":false,"message":"java.lang.ExceptionInInitializerError","trace":"java.lang.ExceptionInInitializerError\n\tat base.BaseTest.setUp(BaseTest.java:14)\n\tat java.base/jdk.internal.reflect.DirectMethodHandleAccessor.invoke(DirectMethodHandleAccessor.java:104)\n\tat java.base/java.lang.reflect.Method.invoke(Method.java:565)\n\tat org.testng.internal.invokers.MethodInvocationHelper.invokeMethod(MethodInvocationHelper.java:141)\n\tat org.testng.internal.invokers.MethodInvocationHelper.invokeMethodConsideringTimeout(MethodInvocationHelper.java:71)\n\tat org.testng.internal.invokers.ConfigInvoker.invokeConfigurationMethod(ConfigInvoker.java:400)\n\tat org.testng.internal.invokers.ConfigInvoker.invokeConfigurations(ConfigInvoker.java:333)\n\tat org.testng.internal.invokers.TestInvoker.runConfigMethods(TestInvoker.java:833)\n\tat org.testng.internal.invokers.TestInvoker.invokeMethod(TestInvoker.java:600)\n\tat org.testng.internal.invokers.TestInvoker.invokeTestMethod(TestInvoker.java:230)\n\tat org.testng.internal.invokers.MethodRunner.runInSequence(MethodRunner.java:63)\n\tat org.testng.internal.invokers.TestInvoker$MethodInvocationAgent.invoke(TestInvoker.java:992)\n\tat org.testng.internal.invokers.TestInvoker.invokeTestMethods(TestInvoker.java:203)\n\tat org.testng.internal.invokers.TestMethodWorker.invokeTestMethods(TestMethodWorker.java:154)\n\tat org.testng.internal.invokers.TestMethodWorker.run(TestMethodWorker.java:134)\n\tat java.base/java.util.ArrayList.forEach(ArrayList.java:1604)\n\tat org.testng.TestRunner.privateRun(TestRunner.java:739)\n\tat org.testng.TestRunner.run(TestRunner.java:614)\n\tat org.testng.SuiteRunner.runTest(SuiteRunner.java:421)\n\tat org.testng.SuiteRunner$SuiteWorker.run(SuiteRunner.java:463)\n\tat org.testng.internal.thread.ThreadUtil.lambda$execute$0(ThreadUtil.java:64)\n\tat java.base/java.util.concurrent.FutureTask.run(FutureTask.java:328)\n\tat java.base/java.util.concurrent.ThreadPoolExecutor.runWorker(ThreadPoolExecutor.java:1090)\n\tat java.base/java.util.concurrent.ThreadPoolExecutor$Worker.run(ThreadPoolExecutor.java:614)\n\tat java.base/java.lang.Thread.run(Thread.java:1474)\nCaused by: java.lang.RuntimeException: Failed to load config.properties\n\tat utils.Config.<clinit>(Config.java:11)\n\t... 25 more\nCaused by: java.io.FileNotFoundException: src/test/resources/config.properties (No such file or directory)\n\tat java.base/java.io.FileInputStream.open0(Native Method)\n\tat java.base/java.io.FileInputStream.open(FileInputStream.java:185)\n\tat java.base/java.io.FileInputStream.<init>(FileInputStream.java:139)\n\tat java.base/java.io.FileInputStream.<init>(FileInputStream.java:109)\n\tat utils.Config.<clinit>(Config.java:8)\n\t... 25 more\n"},"stage":"finished","steps":[],"attachments":[],"parameters":[{"name":"browser","value":"chrome"}],"start":1759817059301,"stop":1759817059301}